<?xml version="1.0" encoding="UTF-8"?>
<!-- Generated by org.testng.reporters.JUnitXMLReporter -->
<testsuite hostname="cgvak-lt271" failures="2" tests="6" name="Test" time="24.128" errors="0" timestamp="27 Sep 2024 11:21:05 GMT">
  <testcase classname="sauceproject.testcase.checkoutpagetest" name="checkoutpagetest" time="0.922"/>
  <testcase classname="sauceproject.testcase.cartpagetest" name="verifycartpageproducts" time="0.443"/>
  <testcase classname="sauceproject.testcase.productcataloguetest" name="getproductsdromlist" time="0.399"/>
  <testcase classname="sauceproject.testcase.finishpagetest" name="finishpagetest" time="1.117">
    <failure type="java.lang.AssertionError" message="Order success message mismatch! expected [Thank you for your orders!] but found [Thank you for your order!]">
      <![CDATA[java.lang.AssertionError: Order success message mismatch! expected [Thank you for your orders!] but found [Thank you for your order!]
	at sauceproject.testcase.finishpagetest.finishpagetest(finishpagetest.java:50)
... Removed 28 stack frames]]>
    </failure>
  </testcase> <!-- finishpagetest -->
  <testcase classname="sauceproject.testcase.LoginPageTest" name="logintest" time="0.546"/>
  <testcase classname="sauceproject.testcase.LoginPageTest" name="loginPageTitleTest" time="0.016">
    <failure type="java.lang.AssertionError" message="expected [Swag Labs1] but found [Swag Labs]">
      <![CDATA[java.lang.AssertionError: expected [Swag Labs1] but found [Swag Labs]
	at sauceproject.testcase.LoginPageTest.loginPageTitleTest(LoginPageTest.java:41)
... Removed 29 stack frames]]>
    </failure>
  </testcase> <!-- loginPageTitleTest -->
</testsuite> <!-- Test -->
